2024-09-17 16:12:08,033 [INFO] Activator:176 - 


2024-09-17 16:12:08,034 [INFO] Activator:177 - !SESSION log4j initialized
2024-09-17 16:12:11,125 [ERROR] LogOutputStream:75 - [STDERR_REDIRECT] 
2024-09-17 16:12:13,669 [INFO] LogOutputStream:77 - [STDOUT_REDIRECT] 
2024-09-17 16:12:14,830 [ERROR] LogOutputStream:75 - [STDERR_REDIRECT] [Fatal Error] :2:10: DOCTYPE is disallowed when the feature "http://apache.org/xml/features/disallow-doctype-decl" set to true.
2024-09-17 16:12:14,832 [ERROR] LogOutputStream:75 - [STDERR_REDIRECT] 
2024-09-17 16:12:29,486 [INFO] ApplicationProperties:184 - Using Application install path: /Applications/STM32CubeIDE.app/Contents/Eclipse/plugins/com.st.stm32cube.common.mx_6.12.0.202406281431
2024-09-17 16:12:29,502 [INFO] DbMcusXml:78 - Set database path to: /Applications/STM32CubeIDE.app/Contents/Eclipse/plugins/com.st.stm32cube.common.mx_6.12.0.202406281431//db//mcu/
2024-09-17 16:12:29,502 [INFO] ApiDb:274 - Set plugin database path to: /Applications/STM32CubeIDE.app/Contents/Eclipse/plugins/com.st.stm32cube.common.mx_6.12.0.202406281431//db//plugins/boardmanager/
2024-09-17 16:12:29,502 [WARN] ApiDb:259 - Overriding images path with different value:  => /Applications/STM32CubeIDE.app/Contents/Eclipse/plugins/com.st.stm32cube.common.mx_6.12.0.202406281431//db//plugins/mcufinder/images/
2024-09-17 16:12:29,508 [INFO] ApiDb:250 - Set database path to: /Users/zac/.stmcufinder/plugins/mcufinder//mcu/
2024-09-17 16:12:29,509 [INFO] DbMcusAds:125 - Set database path to: /Users/zac/.stmcufinder/plugins/mcufinder//mcu/
2024-09-17 16:12:29,512 [INFO] CrossReferenceDbSqlite:203 - Set database path to: /Users/zac/.stmcufinder/plugins/mcufinder//mcu/cs/
2024-09-17 16:12:29,614 [INFO] RulesReader:64 - Compatibility file has been processed (297 Rules)
2024-09-17 16:12:29,666 [INFO] DbMcusXml:78 - Set database path to: /Applications/STM32CubeIDE.app/Contents/Eclipse/plugins/com.st.stm32cube.common.mx_6.12.0.202406281431//db//mcu/
2024-09-17 16:12:29,666 [INFO] ApiDb:274 - Set plugin database path to: /Applications/STM32CubeIDE.app/Contents/Eclipse/plugins/com.st.stm32cube.common.mx_6.12.0.202406281431//db//plugins/boardmanager/
2024-09-17 16:12:29,666 [INFO] ApiDb:261 - Set plugin images path to: /Applications/STM32CubeIDE.app/Contents/Eclipse/plugins/com.st.stm32cube.common.mx_6.12.0.202406281431//db//plugins/mcufinder/images/
2024-09-17 16:12:29,666 [WARN] DbFile:41 - Overriding database path with different value: /Users/zac/.stmcufinder/plugins/mcufinder/ => /Users/zac/.stmcufinder/plugins/mcufinder
2024-09-17 16:12:29,667 [INFO] ApiDb:250 - Set database path to: /Users/zac/.stmcufinder/plugins/mcufinder//mcu/
2024-09-17 16:12:29,667 [WARN] DbFile:41 - Overriding database path with different value: /Users/zac/.stmcufinder/plugins/mcufinder/ => /Users/zac/.stmcufinder/plugins/mcufinder
2024-09-17 16:12:29,667 [INFO] DbMcusAds:125 - Set database path to: /Users/zac/.stmcufinder/plugins/mcufinder//mcu/
2024-09-17 16:12:29,667 [WARN] DbFile:41 - Overriding database path with different value: /Users/zac/.stmcufinder/plugins/mcufinder/ => /Users/zac/.stmcufinder/plugins/mcufinder
2024-09-17 16:12:29,667 [WARN] DbFile:41 - Overriding database path with different value: /Users/zac/.stmcufinder/plugins/mcufinder/ => /Users/zac/.stmcufinder/plugins/mcufinder
2024-09-17 16:12:29,667 [INFO] CrossReferenceDbSqlite:203 - Set database path to: /Users/zac/.stmcufinder/plugins/mcufinder//mcu/cs/
2024-09-17 16:12:29,738 [INFO] MainPanel:268 - HeapMemory: 268435456
2024-09-17 16:12:29,992 [INFO] DbMcusXml:78 - Set database path to: /Applications/STM32CubeIDE.app/Contents/Eclipse/plugins/com.st.stm32cube.common.mx_6.12.0.202406281431//db//mcu/
2024-09-17 16:12:29,992 [INFO] ApiDb:274 - Set plugin database path to: /Applications/STM32CubeIDE.app/Contents/Eclipse/plugins/com.st.stm32cube.common.mx_6.12.0.202406281431//db//plugins/boardmanager/
2024-09-17 16:12:29,992 [INFO] ApiDb:261 - Set plugin images path to: /Applications/STM32CubeIDE.app/Contents/Eclipse/plugins/com.st.stm32cube.common.mx_6.12.0.202406281431//db//plugins/mcufinder/images/
2024-09-17 16:12:29,992 [WARN] DbFile:41 - Overriding database path with different value: /Users/zac/.stmcufinder/plugins/mcufinder/ => /Users/zac/.stmcufinder/plugins/mcufinder
2024-09-17 16:12:29,993 [INFO] ApiDb:250 - Set database path to: /Users/zac/.stmcufinder/plugins/mcufinder//mcu/
2024-09-17 16:12:29,993 [WARN] DbFile:41 - Overriding database path with different value: /Users/zac/.stmcufinder/plugins/mcufinder/ => /Users/zac/.stmcufinder/plugins/mcufinder
2024-09-17 16:12:29,993 [INFO] DbMcusAds:125 - Set database path to: /Users/zac/.stmcufinder/plugins/mcufinder//mcu/
2024-09-17 16:12:29,993 [WARN] DbFile:41 - Overriding database path with different value: /Users/zac/.stmcufinder/plugins/mcufinder/ => /Users/zac/.stmcufinder/plugins/mcufinder
2024-09-17 16:12:29,993 [WARN] DbFile:41 - Overriding database path with different value: /Users/zac/.stmcufinder/plugins/mcufinder/ => /Users/zac/.stmcufinder/plugins/mcufinder
2024-09-17 16:12:29,993 [INFO] CrossReferenceDbSqlite:203 - Set database path to: /Users/zac/.stmcufinder/plugins/mcufinder//mcu/cs/
2024-09-17 16:12:30,007 [INFO] ApplicationProperties:184 - Using Application install path: /Applications/STM32CubeIDE.app/Contents/Eclipse/plugins/com.st.stm32cube.common.mx_6.12.0.202406281431
2024-09-17 16:12:30,008 [INFO] PluginManage:196 - Search for loadable plugins [exclusion list=, ]
2024-09-17 16:12:30,009 [INFO] PluginManage:310 - Check plugin analytics
2024-09-17 16:12:30,160 [INFO] AnalyticsPlugin:253 - Accepted Software Licenses: STM32CubeMX.6.9.2,STM32CubeMX.6.12.0
2024-09-17 16:12:30,160 [INFO] AnalyticsPlugin:255 - Accepted CMSIS Pack Licenses: 
2024-09-17 16:12:30,160 [INFO] AnalyticsPlugin:257 - Accepted Firmware Licenses: FW.U5.1.1.0,FW.L4.1.18.0,FW.U5.1.6.0
2024-09-17 16:12:30,169 [INFO] PluginManage:359 - Loaded plugin analytics (category:tool,tabindex:-1)
2024-09-17 16:12:30,173 [INFO] PluginManage:310 - Check plugin cadmodel
2024-09-17 16:12:30,183 [INFO] CADModel:105 - Init CAD model plugin
2024-09-17 16:12:30,183 [INFO] PluginManage:359 - Loaded plugin cadmodel (category:power,tabindex:5)
2024-09-17 16:12:30,183 [INFO] PluginManage:310 - Check plugin clock
2024-09-17 16:12:30,190 [INFO] PluginManage:359 - Loaded plugin clock (category:base,tabindex:2)
2024-09-17 16:12:30,190 [INFO] PluginManage:310 - Check plugin ddr
2024-09-17 16:12:30,192 [INFO] PluginManage:359 - Loaded plugin ddr (category:tool,tabindex:6)
2024-09-17 16:12:30,192 [INFO] PluginManage:310 - Check plugin filemanager
2024-09-17 16:12:30,400 [INFO] PluginManage:359 - Loaded plugin filemanager (category:base,tabindex:10)
2024-09-17 16:12:30,402 [INFO] PluginManage:310 - Check plugin ipmanager
2024-09-17 16:12:30,420 [INFO] PluginManage:359 - Loaded plugin ipmanager (category:base,tabindex:5)
2024-09-17 16:12:30,421 [INFO] PluginManage:310 - Check plugin lpbam
2024-09-17 16:12:30,432 [INFO] PluginManage:359 - Loaded plugin lpbam (category:base,tabindex:0)
2024-09-17 16:12:30,432 [INFO] PluginManage:310 - Check plugin memorymap
2024-09-17 16:12:30,450 [INFO] PluginManage:359 - Loaded plugin memorymap (category:base,tabindex:4)
2024-09-17 16:12:30,450 [INFO] PluginManage:310 - Check plugin pinoutandconfiguration
2024-09-17 16:12:30,455 [INFO] PluginManage:359 - Loaded plugin pinoutandconfiguration (category:base,tabindex:1)
2024-09-17 16:12:30,455 [INFO] PluginManage:310 - Check plugin pinoutconfig
2024-09-17 16:12:30,532 [WARN] SupportedApi:132 - Cannot load RTOS API schema: s4s-elt-must-match.1: The content of 'definitions' must match (annotation?, (simpleType | complexType)?, (unique | key | keyref)*)). A problem was found starting at: attribute.
2024-09-17 16:12:30,663 [INFO] PluginManage:359 - Loaded plugin pinoutconfig (category:base,tabindex:0)
2024-09-17 16:12:30,663 [INFO] PluginManage:310 - Check plugin power
2024-09-17 16:12:30,674 [INFO] PluginManage:359 - Loaded plugin power (category:power,tabindex:4)
2024-09-17 16:12:30,674 [INFO] PluginManage:310 - Check plugin projectmanager
2024-09-17 16:12:30,693 [INFO] PluginManage:359 - Loaded plugin projectmanager (category:projectmanager,tabindex:4)
2024-09-17 16:12:30,693 [INFO] PluginManage:310 - Check plugin rif
2024-09-17 16:12:30,697 [INFO] PluginManage:359 - Loaded plugin rif (category:base,tabindex:3)
2024-09-17 16:12:30,697 [INFO] PluginManage:310 - Check plugin thirdparty
2024-09-17 16:12:30,820 [INFO] PluginManage:359 - Loaded plugin thirdparty (category:base,tabindex:-1)
2024-09-17 16:12:30,820 [INFO] PluginManage:310 - Check plugin tools
2024-09-17 16:12:30,819 [WARN] IntegrityCheckThread:84 - waiting for thirdparty lock release [integrity check]
2024-09-17 16:12:30,821 [INFO] IntegrityCheckThread:86 - entering critical section [integrity check]
2024-09-17 16:12:30,821 [INFO] ThirdPartyUpdaterWithRetryManager:70 - Updater plugin not ready yet. [1/15]
2024-09-17 16:12:30,822 [INFO] PluginManage:359 - Loaded plugin tools (category:base,tabindex:7)
2024-09-17 16:12:30,822 [INFO] PluginManage:310 - Check plugin tutovideos
2024-09-17 16:12:30,969 [INFO] PluginManage:359 - Loaded plugin tutovideos (category:base,tabindex:-1)
2024-09-17 16:12:30,969 [INFO] PluginManage:310 - Check plugin updater
2024-09-17 16:12:30,998 [INFO] PluginManage:359 - Loaded plugin updater (category:base,tabindex:12)
2024-09-17 16:12:30,998 [INFO] PluginManage:310 - Check plugin userauth
2024-09-17 16:12:31,004 [INFO] UserAuth:113 - Init User Auth plugin
2024-09-17 16:12:31,004 [INFO] PluginManage:359 - Loaded plugin userauth (category:base,tabindex:14)
2024-09-17 16:12:31,007 [INFO] PluginManage:283 - PluginManage : Loaded plugins [18]
2024-09-17 16:12:31,229 [INFO] PinOutPanel:1561 - setPackage(No Configuration,No Configuration)
2024-09-17 16:12:31,292 [INFO] CADModel:165 - CPN selected for project level
2024-09-17 16:12:31,292 [INFO] CADModel:114 - Register for checkConnection events
2024-09-17 16:12:31,300 [INFO] IPUIPlugin:80 - create IPUIPlugin
2024-09-17 16:12:31,301 [INFO] PluginManager:220 - loadIPPluginJar : add mdma
2024-09-17 16:12:31,305 [INFO] IPUIPlugin:80 - create IPUIPlugin
2024-09-17 16:12:31,305 [INFO] PluginManager:220 - loadIPPluginJar : add freertos
2024-09-17 16:12:31,308 [INFO] IPUIPlugin:80 - create IPUIPlugin
2024-09-17 16:12:31,308 [INFO] PluginManager:220 - loadIPPluginJar : add gic
2024-09-17 16:12:31,313 [INFO] IPUIPlugin:80 - create IPUIPlugin
2024-09-17 16:12:31,313 [INFO] PluginManager:220 - loadIPPluginJar : add adc
2024-09-17 16:12:31,315 [INFO] IPUIPlugin:80 - create IPUIPlugin
2024-09-17 16:12:31,315 [INFO] PluginManager:220 - loadIPPluginJar : add gtzc
2024-09-17 16:12:31,315 [INFO] IPUIPlugin:80 - create IPUIPlugin
2024-09-17 16:12:31,316 [INFO] PluginManager:220 - loadIPPluginJar : add quadspi
2024-09-17 16:12:31,316 [INFO] IPUIPlugin:80 - create IPUIPlugin
2024-09-17 16:12:31,317 [INFO] PluginManager:220 - loadIPPluginJar : add aes
2024-09-17 16:12:31,318 [INFO] IPUIPlugin:80 - create IPUIPlugin
2024-09-17 16:12:31,318 [INFO] PluginManager:220 - loadIPPluginJar : add pdm2pcm
2024-09-17 16:12:31,319 [INFO] IPUIPlugin:80 - create IPUIPlugin
2024-09-17 16:12:31,319 [INFO] PluginManager:220 - loadIPPluginJar : add hash
2024-09-17 16:12:31,320 [INFO] IPUIPlugin:80 - create IPUIPlugin
2024-09-17 16:12:31,320 [INFO] PluginManager:220 - loadIPPluginJar : add tim
2024-09-17 16:12:31,321 [INFO] IPUIPlugin:80 - create IPUIPlugin
2024-09-17 16:12:31,321 [INFO] PluginManager:220 - loadIPPluginJar : add tsc
2024-09-17 16:12:31,323 [INFO] IPUIPlugin:80 - create IPUIPlugin
2024-09-17 16:12:31,323 [INFO] PluginManager:220 - loadIPPluginJar : add extmemmanager
2024-09-17 16:12:31,325 [INFO] IPUIPlugin:80 - create IPUIPlugin
2024-09-17 16:12:31,325 [INFO] PluginManager:220 - loadIPPluginJar : add ts
2024-09-17 16:12:31,326 [INFO] IPUIPlugin:80 - create IPUIPlugin
2024-09-17 16:12:31,326 [INFO] PluginManager:220 - loadIPPluginJar : add radio
2024-09-17 16:12:31,327 [INFO] IPUIPlugin:80 - create IPUIPlugin
2024-09-17 16:12:31,327 [INFO] PluginManager:220 - loadIPPluginJar : add can
2024-09-17 16:12:31,328 [INFO] IPUIPlugin:80 - create IPUIPlugin
2024-09-17 16:12:31,328 [INFO] PluginManager:220 - loadIPPluginJar : add dma3
2024-09-17 16:12:31,329 [INFO] IPUIPlugin:80 - create IPUIPlugin
2024-09-17 16:12:31,329 [INFO] PluginManager:220 - loadIPPluginJar : add dfsdm
2024-09-17 16:12:31,330 [INFO] IPUIPlugin:80 - create IPUIPlugin
2024-09-17 16:12:31,330 [INFO] PluginManager:220 - loadIPPluginJar : add spi
2024-09-17 16:12:31,331 [INFO] IPUIPlugin:80 - create IPUIPlugin
2024-09-17 16:12:31,331 [INFO] PluginManager:220 - loadIPPluginJar : add gfxmmu
2024-09-17 16:12:31,332 [INFO] IPUIPlugin:80 - create IPUIPlugin
2024-09-17 16:12:31,332 [INFO] PluginManager:220 - loadIPPluginJar : add genericplugin
2024-09-17 16:12:31,334 [INFO] IPUIPlugin:80 - create IPUIPlugin
2024-09-17 16:12:31,334 [INFO] PluginManager:220 - loadIPPluginJar : add cryp
2024-09-17 16:12:31,336 [INFO] IPUIPlugin:80 - create IPUIPlugin
2024-09-17 16:12:31,336 [INFO] PluginManager:220 - loadIPPluginJar : add gpio
2024-09-17 16:12:31,337 [INFO] IPUIPlugin:80 - create IPUIPlugin
2024-09-17 16:12:31,337 [INFO] PluginManager:220 - loadIPPluginJar : add ddr_ctrl_phy
2024-09-17 16:12:31,338 [INFO] IPUIPlugin:80 - create IPUIPlugin
2024-09-17 16:12:31,338 [INFO] PluginManager:220 - loadIPPluginJar : add comp
2024-09-17 16:12:31,339 [INFO] IPUIPlugin:80 - create IPUIPlugin
2024-09-17 16:12:31,339 [INFO] PluginManager:220 - loadIPPluginJar : add tracer_emb
2024-09-17 16:12:31,340 [INFO] IPUIPlugin:80 - create IPUIPlugin
2024-09-17 16:12:31,340 [INFO] PluginManager:220 - loadIPPluginJar : add openamp
2024-09-17 16:12:31,342 [INFO] IPUIPlugin:80 - create IPUIPlugin
2024-09-17 16:12:31,342 [INFO] PluginManager:220 - loadIPPluginJar : add stm32_wpan
2024-09-17 16:12:31,345 [INFO] IPUIPlugin:80 - create IPUIPlugin
2024-09-17 16:12:31,347 [INFO] PluginManager:220 - loadIPPluginJar : add plateformsettings
2024-09-17 16:12:31,349 [INFO] IPUIPlugin:80 - create IPUIPlugin
2024-09-17 16:12:31,349 [INFO] PluginManager:220 - loadIPPluginJar : add ipddr
2024-09-17 16:12:31,350 [INFO] IPUIPlugin:80 - create IPUIPlugin
2024-09-17 16:12:31,350 [INFO] PluginManager:220 - loadIPPluginJar : add usart
2024-09-17 16:12:31,351 [INFO] IPUIPlugin:80 - create IPUIPlugin
2024-09-17 16:12:31,351 [INFO] PluginManager:220 - loadIPPluginJar : add ltdc
2024-09-17 16:12:31,352 [INFO] IPUIPlugin:80 - create IPUIPlugin
2024-09-17 16:12:31,352 [INFO] PluginManager:220 - loadIPPluginJar : add nvic
2024-09-17 16:12:31,353 [INFO] IPUIPlugin:80 - create IPUIPlugin
2024-09-17 16:12:31,353 [INFO] PluginManager:220 - loadIPPluginJar : add fatfs
2024-09-17 16:12:31,357 [INFO] IPUIPlugin:80 - create IPUIPlugin
2024-09-17 16:12:31,357 [INFO] PluginManager:220 - loadIPPluginJar : add linkedlist
2024-09-17 16:12:31,362 [INFO] IPUIPlugin:80 - create IPUIPlugin
2024-09-17 16:12:31,362 [INFO] PluginManager:220 - loadIPPluginJar : add dma
2024-09-17 16:12:31,364 [INFO] IPUIPlugin:80 - create IPUIPlugin
2024-09-17 16:12:31,364 [INFO] PluginManager:220 - loadIPPluginJar : add fmc
2024-09-17 16:12:31,366 [INFO] IPUIPlugin:80 - create IPUIPlugin
2024-09-17 16:12:31,366 [INFO] PluginManager:220 - loadIPPluginJar : add i2s
2024-09-17 16:12:31,366 [INFO] IPUIPlugin:80 - create IPUIPlugin
2024-09-17 16:12:31,367 [INFO] PluginManager:220 - loadIPPluginJar : add ucpd
2024-09-17 16:12:31,368 [INFO] IPUIPlugin:80 - create IPUIPlugin
2024-09-17 16:12:31,368 [INFO] PluginManager:220 - loadIPPluginJar : add lorawan
2024-09-17 16:12:31,369 [INFO] IPUIPlugin:80 - create IPUIPlugin
2024-09-17 16:12:31,369 [INFO] PluginManager:220 - loadIPPluginJar : add opamp
2024-09-17 16:12:31,370 [INFO] IPUIPlugin:80 - create IPUIPlugin
2024-09-17 16:12:31,370 [INFO] PluginManager:220 - loadIPPluginJar : add i3c
2024-09-17 16:12:31,372 [INFO] IPUIPlugin:80 - create IPUIPlugin
2024-09-17 16:12:31,372 [INFO] PluginManager:220 - loadIPPluginJar : add touchsensing
2024-09-17 16:12:31,373 [INFO] IPUIPlugin:80 - create IPUIPlugin
2024-09-17 16:12:31,373 [INFO] PluginManager:220 - loadIPPluginJar : add i2c
2024-09-17 16:12:31,375 [INFO] IPUIPlugin:80 - create IPUIPlugin
2024-09-17 16:12:31,375 [INFO] PluginManager:220 - loadIPPluginJar : add resmgrutility
2024-09-17 16:12:31,376 [INFO] IPUIPlugin:80 - create IPUIPlugin
2024-09-17 16:12:31,377 [INFO] PluginManager:220 - loadIPPluginJar : add sai
2024-09-17 16:12:31,378 [INFO] IPUIPlugin:80 - create IPUIPlugin
2024-09-17 16:12:31,378 [INFO] PluginManager:220 - loadIPPluginJar : add usbx
2024-09-17 16:12:31,486 [INFO] CADModel:165 - CPN selected for project level
2024-09-17 16:12:31,487 [INFO] CADModel:114 - Register for checkConnection events
2024-09-17 16:12:31,492 [FATAL] Updater:334 - Updater called before beeing initialized
2024-09-17 16:12:31,492 [ERROR] CADModel:125 - Updater not yet initialized, retry later 
2024-09-17 16:12:31,704 [INFO] CADModel:165 - CPN selected for project level
2024-09-17 16:12:31,704 [INFO] CADModel:114 - Register for checkConnection events
2024-09-17 16:12:31,704 [FATAL] Updater:334 - Updater called before beeing initialized
2024-09-17 16:12:31,704 [ERROR] CADModel:125 - Updater not yet initialized, retry later 
2024-09-17 16:12:31,707 [FATAL] Updater:334 - Updater called before beeing initialized
2024-09-17 16:12:31,832 [FATAL] Updater:334 - Updater called before beeing initialized
2024-09-17 16:12:31,836 [INFO] DbMcusAds:53 - JSON generation date=Mon Sep 16 07:40:22 PDT 2024 (1726497622318)
2024-09-17 16:12:31,836 [FATAL] Updater:334 - Updater called before beeing initialized
2024-09-17 16:12:32,224 [WARN] DetailPanel:346 - Failed to get advertising image, set to default
2024-09-17 16:12:32,320 [FATAL] Updater:334 - Updater called before beeing initialized
2024-09-17 16:12:32,329 [FATAL] Updater:334 - Updater called before beeing initialized
2024-09-17 16:12:32,329 [FATAL] Updater:334 - Updater called before beeing initialized
2024-09-17 16:12:32,329 [WARN] DetailPanel:346 - Failed to get advertising image, set to default
2024-09-17 16:12:32,337 [FATAL] Updater:334 - Updater called before beeing initialized
2024-09-17 16:12:32,425 [ERROR] Updater:1164 - MainUpdater not yet initialized. External WinMGr cannot be set.
2024-09-17 16:12:32,432 [INFO] Updater:1100 - Updater Version found : 6.12.0
2024-09-17 16:12:32,445 [INFO] ApplicationProperties:184 - Using Application install path: /Applications/STM32CubeIDE.app/Contents/Eclipse/plugins/com.st.stm32cube.common.mx_6.12.0.202406281431
2024-09-17 16:12:32,841 [INFO] MainUpdater:2873 - connection check result : 10
2024-09-17 16:12:32,841 [INFO] MainUpdater:290 - Updater Check For Update Now.
2024-09-17 16:12:32,842 [INFO] MicroXplorer:498 - Change Database Version : DB.6.0.120
2024-09-17 16:12:32,847 [INFO] McuFinderGlobals:63 - Set McuFinder mode to 2 (CubeIDE integrated)
2024-09-17 16:12:32,849 [INFO] UserAuth:417 - Internet connection configuration mode: 1
2024-09-17 16:12:32,858 [INFO] JxBrowserEngine:152 - Initiate JxBrowser Engine with user profile folder
2024-09-17 16:12:33,090 [INFO] CheckServerUpdateThread:120 - End of CheckServer Thread
2024-09-17 16:12:33,946 [WARN] PackLoader:240 - Cannot read IP mode file for STMicroelectronics.FP-SNS-MOTENVWB1.1.4.0
2024-09-17 16:12:33,969 [WARN] PackLoader:240 - Cannot read IP mode file for STMicroelectronics.X-CUBE-SMBUS.2.1.0
2024-09-17 16:12:33,978 [WARN] PackLoader:240 - Cannot read IP mode file for STMicroelectronics.X-CUBE-TOUCHGFX.4.23.0
2024-09-17 16:12:34,006 [WARN] PackLoader:240 - Cannot read IP mode file for STMicroelectronics.X-CUBE-AZRTOS-F7.1.1.0
2024-09-17 16:12:34,030 [WARN] PackLoader:240 - Cannot read IP mode file for STMicroelectronics.FP-SNS-MOTENV1.4.3.2
2024-09-17 16:12:34,179 [WARN] PackLoader:240 - Cannot read IP mode file for STMicroelectronics.X-CUBE-MEMS1.11.0.0
2024-09-17 16:12:34,358 [WARN] PackLoader:240 - Cannot read IP mode file for STMicroelectronics.FP-SNS-FLIGHT1.5.0.2
2024-09-17 16:12:34,374 [WARN] PackLoader:240 - Cannot read IP mode file for STMicroelectronics.X-CUBE-DISPLAY.3.0.0
2024-09-17 16:12:34,389 [WARN] PackLoader:240 - Cannot read IP mode file for STMicroelectronics.X-CUBE-BLE1.7.0.0
2024-09-17 16:12:34,407 [WARN] PackLoader:240 - Cannot read IP mode file for emotas.I-CUBE-CANOPEN.1.3.0
2024-09-17 16:12:34,414 [WARN] PackLoader:240 - Cannot read IP mode file for STMicroelectronics.X-CUBE-TOUCHGFX.4.22.0
2024-09-17 16:12:34,416 [WARN] PackLoader:240 - Cannot read IP mode file for STMicroelectronics.X-CUBE-TOUCHGFX.4.22.1
2024-09-17 16:12:34,449 [WARN] PackLoader:240 - Cannot read IP mode file for STMicroelectronics.X-CUBE-BLEMGR.3.1.0
2024-09-17 16:12:34,463 [WARN] PackLoader:240 - Cannot read IP mode file for STMicroelectronics.FP-SNS-SMARTAG2.1.2.0
2024-09-17 16:12:34,478 [INFO] LogOutputStream:77 - [STDOUT_REDIRECT] 1 : Invalid condition id : UX_CORESTACK_Condition cause : null
2024-09-17 16:12:34,480 [INFO] LogOutputStream:77 - [STDOUT_REDIRECT] 1 : Invalid condition id : UX_CORESTACK_Condition cause : null
2024-09-17 16:12:34,480 [INFO] LogOutputStream:77 - [STDOUT_REDIRECT] 1 : Invalid condition id : UX_CORESTACK_Condition cause : null
2024-09-17 16:12:34,480 [INFO] LogOutputStream:77 - [STDOUT_REDIRECT] 1 : Invalid condition id : UX_CORESTACK_Condition cause : null
2024-09-17 16:12:34,480 [INFO] LogOutputStream:77 - [STDOUT_REDIRECT] 1 : Invalid condition id : UX_CORESTACK_Condition cause : null
2024-09-17 16:12:34,486 [WARN] PackLoader:240 - Cannot read IP mode file for STMicroelectronics.X-CUBE-AZRTOS-WL.2.0.0
2024-09-17 16:12:34,506 [WARN] PackLoader:240 - Cannot read IP mode file for STMicroelectronics.FP-SNS-MOTENV1.5.0.0
2024-09-17 16:12:34,512 [WARN] PackLoader:240 - Cannot read IP mode file for wolfSSL.I-CUBE-wolfMQTT.1.19.0
2024-09-17 16:12:34,523 [WARN] PackLoader:240 - Cannot read IP mode file for WES.I-CUBE-Cesium.1.3.0
2024-09-17 16:12:34,532 [WARN] PackLoader:240 - Cannot read IP mode file for STMicroelectronics.X-CUBE-BLE2.3.3.0
2024-09-17 16:12:34,548 [WARN] PackLoader:240 - Cannot read IP mode file for STMicroelectronics.X-CUBE-TCPP.4.1.0
2024-09-17 16:12:34,562 [WARN] PackLoader:240 - Cannot read IP mode file for STMicroelectronics.X-CUBE-ALGOBUILD.1.3.0
2024-09-17 16:12:34,581 [WARN] PackLoader:240 - Cannot read IP mode file for STMicroelectronics.X-CUBE-AZRTOS-G0.1.1.0
2024-09-17 16:12:34,599 [WARN] PackLoader:240 - Cannot read IP mode file for STMicroelectronics.X-CUBE-SAFEA1.1.2.2
2024-09-17 16:12:34,614 [WARN] PackLoader:240 - Cannot read IP mode file for STMicroelectronics.X-CUBE-NFC4.3.0.0
2024-09-17 16:12:34,637 [WARN] PackLoader:240 - Cannot read IP mode file for EmbeddedOffice.I-CUBE-FS-RTOS.1.0.1
2024-09-17 16:12:34,644 [ERROR] ConditionMgr:805 - Attr not supported : Dmpu
2024-09-17 16:12:34,645 [ERROR] ConditionMgr:805 - Attr not supported : Dmpu
2024-09-17 16:12:34,645 [ERROR] ConditionMgr:805 - Attr not supported : Dmpu
2024-09-17 16:12:34,645 [ERROR] ConditionMgr:805 - Attr not supported : Dmpu
2024-09-17 16:12:34,645 [ERROR] ConditionMgr:805 - Attr not supported : Dmpu
2024-09-17 16:12:34,645 [ERROR] ConditionMgr:805 - Attr not supported : Dmpu
2024-09-17 16:12:34,645 [ERROR] ConditionMgr:805 - Attr not supported : Dmpu
2024-09-17 16:12:34,645 [ERROR] ConditionMgr:805 - Attr not supported : Dmpu
2024-09-17 16:12:34,645 [ERROR] ConditionMgr:805 - Attr not supported : Dmpu
2024-09-17 16:12:34,645 [ERROR] ConditionMgr:805 - Attr not supported : Dmpu
2024-09-17 16:12:34,645 [ERROR] ConditionMgr:805 - Attr not supported : Dmpu
2024-09-17 16:12:34,645 [ERROR] ConditionMgr:805 - Attr not supported : Dmpu
2024-09-17 16:12:34,646 [ERROR] ConditionMgr:805 - Attr not supported : Dmpu
2024-09-17 16:12:34,646 [ERROR] ConditionMgr:805 - Attr not supported : Dmpu
2024-09-17 16:12:34,646 [ERROR] ConditionMgr:805 - Attr not supported : Dmpu
2024-09-17 16:12:34,646 [ERROR] ConditionMgr:805 - Attr not supported : Dmpu
2024-09-17 16:12:34,646 [ERROR] ConditionMgr:805 - Attr not supported : Dmpu
2024-09-17 16:12:34,646 [ERROR] ConditionMgr:805 - Attr not supported : Dmpu
2024-09-17 16:12:34,646 [ERROR] ConditionMgr:805 - Attr not supported : Dmpu
2024-09-17 16:12:34,646 [ERROR] ConditionMgr:805 - Attr not supported : Dmpu
2024-09-17 16:12:34,646 [ERROR] ConditionMgr:805 - Attr not supported : Dmpu
2024-09-17 16:12:34,646 [ERROR] ConditionMgr:805 - Attr not supported : Dmpu
2024-09-17 16:12:34,646 [ERROR] ConditionMgr:805 - Attr not supported : Dmpu
2024-09-17 16:12:34,646 [ERROR] ConditionMgr:805 - Attr not supported : Dmpu
2024-09-17 16:12:34,647 [ERROR] ConditionMgr:805 - Attr not supported : Dmpu
2024-09-17 16:12:34,647 [ERROR] ConditionMgr:805 - Attr not supported : Dmpu
2024-09-17 16:12:34,647 [ERROR] ConditionMgr:805 - Attr not supported : Dmpu
2024-09-17 16:12:34,647 [ERROR] ConditionMgr:805 - Attr not supported : Dmpu
2024-09-17 16:12:34,647 [ERROR] ConditionMgr:805 - Attr not supported : Dmpu
2024-09-17 16:12:34,647 [ERROR] ConditionMgr:805 - Attr not supported : Dmpu
2024-09-17 16:12:34,647 [ERROR] ConditionMgr:805 - Attr not supported : Dmpu
2024-09-17 16:12:34,647 [ERROR] ConditionMgr:805 - Attr not supported : Dmpu
2024-09-17 16:12:34,648 [ERROR] ConditionMgr:805 - Attr not supported : Dmpu
2024-09-17 16:12:34,648 [ERROR] ConditionMgr:805 - Attr not supported : Dmpu
2024-09-17 16:12:34,648 [ERROR] ConditionMgr:805 - Attr not supported : Dmpu
2024-09-17 16:12:34,648 [ERROR] ConditionMgr:805 - Attr not supported : Dmpu
2024-09-17 16:12:34,649 [ERROR] ConditionMgr:805 - Attr not supported : Dmpu
2024-09-17 16:12:34,649 [ERROR] ConditionMgr:805 - Attr not supported : Dmpu
2024-09-17 16:12:34,649 [ERROR] ConditionMgr:805 - Attr not supported : Dmpu
2024-09-17 16:12:34,649 [ERROR] ConditionMgr:805 - Attr not supported : Dmpu
2024-09-17 16:12:34,649 [ERROR] ConditionMgr:805 - Attr not supported : Dmpu
2024-09-17 16:12:34,649 [ERROR] ConditionMgr:805 - Attr not supported : Dmpu
2024-09-17 16:12:34,649 [ERROR] ConditionMgr:805 - Attr not supported : Dmpu
2024-09-17 16:12:34,649 [ERROR] ConditionMgr:805 - Attr not supported : Dmpu
2024-09-17 16:12:34,649 [ERROR] ConditionMgr:805 - Attr not supported : Dmpu
2024-09-17 16:12:34,649 [ERROR] ConditionMgr:805 - Attr not supported : Dmpu
2024-09-17 16:12:34,649 [ERROR] ConditionMgr:805 - Attr not supported : Dmpu
2024-09-17 16:12:34,649 [ERROR] ConditionMgr:805 - Attr not supported : Dmpu
2024-09-17 16:12:34,649 [ERROR] ConditionMgr:805 - Attr not supported : Dmpu
2024-09-17 16:12:34,649 [ERROR] ConditionMgr:805 - Attr not supported : Dmpu
2024-09-17 16:12:34,649 [ERROR] ConditionMgr:805 - Attr not supported : Dmpu
2024-09-17 16:12:34,650 [ERROR] ConditionMgr:805 - Attr not supported : Dmpu
2024-09-17 16:12:34,650 [ERROR] ConditionMgr:805 - Attr not supported : Dmpu
2024-09-17 16:12:34,650 [ERROR] ConditionMgr:805 - Attr not supported : Dmpu
2024-09-17 16:12:34,650 [ERROR] ConditionMgr:805 - Attr not supported : Dmpu
2024-09-17 16:12:34,650 [ERROR] ConditionMgr:805 - Attr not supported : Dmpu
2024-09-17 16:12:34,650 [ERROR] ConditionMgr:805 - Attr not supported : Dmpu
2024-09-17 16:12:34,650 [ERROR] ConditionMgr:805 - Attr not supported : Dmpu
2024-09-17 16:12:34,650 [ERROR] ConditionMgr:805 - Attr not supported : Dmpu
2024-09-17 16:12:34,650 [ERROR] ConditionMgr:805 - Attr not supported : Dmpu
2024-09-17 16:12:34,650 [ERROR] ConditionMgr:805 - Attr not supported : Dmpu
2024-09-17 16:12:34,650 [ERROR] ConditionMgr:805 - Attr not supported : Dmpu
2024-09-17 16:12:34,650 [ERROR] ConditionMgr:805 - Attr not supported : Dmpu
2024-09-17 16:12:34,650 [ERROR] ConditionMgr:805 - Attr not supported : Dmpu
2024-09-17 16:12:34,673 [WARN] PackLoader:240 - Cannot read IP mode file for STMicroelectronics.X-CUBE-BLEMGR.3.0.0
2024-09-17 16:12:34,703 [WARN] PackLoader:240 - Cannot read IP mode file for RealThread.X-CUBE-RT-Thread_Nano.4.1.1
2024-09-17 16:12:34,714 [WARN] PackLoader:240 - Cannot read IP mode file for STMicroelectronics.FP-ATR-SIGFOX1.3.2.0
2024-09-17 16:12:34,729 [WARN] PackLoader:240 - Cannot read IP mode file for STMicroelectronics.X-CUBE-EEPRMA1.5.1.0
2024-09-17 16:12:34,889 [WARN] PackLoader:240 - Cannot read IP mode file for SEGGER.I-CUBE-embOS.1.3.1
2024-09-17 16:12:35,019 [WARN] PackLoader:240 - Cannot read IP mode file for STMicroelectronics.X-CUBE-ALGOBUILD.1.4.0
2024-09-17 16:12:35,032 [WARN] PackLoader:240 - Cannot read IP mode file for STMicroelectronics.X-CUBE-GNSS1.6.0.0
2024-09-17 16:12:35,067 [WARN] PackLoader:240 - Cannot read IP mode file for STMicroelectronics.X-CUBE-AZRTOS-F4.1.1.0
2024-09-17 16:12:35,087 [WARN] PackLoader:240 - Cannot read IP mode file for wolfSSL.I-CUBE-wolfSSL.5.6.3
2024-09-17 16:12:35,099 [WARN] PackLoader:240 - Cannot read IP mode file for STMicroelectronics.X-CUBE-ISPU.2.1.0
2024-09-17 16:12:35,114 [WARN] PackLoader:240 - Cannot read IP mode file for STMicroelectronics.X-CUBE-FREERTOS.1.2.0
2024-09-17 16:12:35,150 [WARN] PackLoader:240 - Cannot read IP mode file for STMicroelectronics.X-CUBE-AZRTOS-L5.2.0.0
2024-09-17 16:12:35,249 [WARN] PackLoader:240 - Cannot read IP mode file for STMicroelectronics.X-CUBE-MEMS1.9.6.0
2024-09-17 16:12:35,426 [WARN] PackLoader:240 - Cannot read IP mode file for STMicroelectronics.X-CUBE-EEPRMA1.4.2.0
2024-09-17 16:12:35,464 [WARN] PackLoader:240 - Cannot read IP mode file for STMicroelectronics.X-CUBE-NFC6.3.1.0
2024-09-17 16:12:35,515 [WARN] PackLoader:240 - Cannot read IP mode file for ITTIA_DB.I-CUBE-ITTIADB.8.8.0
2024-09-17 16:12:35,546 [WARN] PackLoader:240 - Cannot read IP mode file for STMicroelectronics.X-CUBE-BLEMGR.2.0.0
2024-09-17 16:12:35,555 [WARN] PackLoader:240 - Cannot read IP mode file for STMicroelectronics.X-CUBE-DPower.1.2.0
2024-09-17 16:12:35,562 [WARN] PackLoader:240 - Cannot read IP mode file for STMicroelectronics.X-CUBE-AI.9.0.0
2024-09-17 16:12:35,588 [WARN] ConditionMgr:438 - getConditionDescription Invalid condition id : UX DEVICE CLASS RTOS Condition cause : null
2024-09-17 16:12:35,589 [WARN] ConditionMgr:438 - getConditionDescription Invalid condition id : UX DEVICE CLASS RTOS Condition cause : null
2024-09-17 16:12:35,596 [WARN] PackLoader:240 - Cannot read IP mode file for STMicroelectronics.X-CUBE-AZRTOS-H7.3.1.0
2024-09-17 16:12:35,598 [WARN] ConditionMgr:1039 - genDependencies : Invalid condition id : UX DEVICE CLASS RTOS Condition cause : null
2024-09-17 16:12:35,598 [WARN] ConditionMgr:1039 - genDependencies : Invalid condition id : UX DEVICE CLASS RTOS Condition cause : null
2024-09-17 16:12:35,599 [WARN] ConditionMgr:1039 - genDependencies : Invalid condition id : UX DEVICE CLASS RTOS Condition cause : null
2024-09-17 16:12:35,600 [WARN] ConditionMgr:1039 - genDependencies : Invalid condition id : UX DEVICE CLASS RTOS Condition cause : null
2024-09-17 16:12:35,600 [WARN] ConditionMgr:1039 - genDependencies : Invalid condition id : UX DEVICE CLASS RTOS Condition cause : null
2024-09-17 16:12:35,612 [WARN] PackLoader:240 - Cannot read IP mode file for STMicroelectronics.X-CUBE-NFC7.1.0.1
2024-09-17 16:12:35,616 [WARN] PackLoader:240 - Cannot read IP mode file for wolfSSL.I-CUBE-wolfTPM.3.2.0
2024-09-17 16:12:35,623 [WARN] PackLoader:240 - Cannot read IP mode file for STMicroelectronics.X-CUBE-NFC6.3.0.0
2024-09-17 16:12:35,630 [WARN] PackLoader:240 - Cannot read IP mode file for STMicroelectronics.X-CUBE-EEPRMA1.4.1.0
2024-09-17 16:12:35,634 [WARN] PackLoader:240 - Cannot read IP mode file for STMicroelectronics.X-CUBE-AI.8.1.0
2024-09-17 16:12:35,658 [WARN] ConditionMgr:438 - getConditionDescription Invalid condition id : LAN8742 Phy interface Condition cause : null
2024-09-17 16:12:35,659 [WARN] PackLoader:240 - Cannot read IP mode file for STMicroelectronics.X-CUBE-AZRTOS-L4.2.0.0
2024-09-17 16:12:35,662 [WARN] ConditionMgr:1039 - genDependencies : Invalid condition id : LAN8742 Phy interface Condition cause : null
2024-09-17 16:12:35,662 [WARN] ConditionMgr:1039 - genDependencies : Invalid condition id : LAN8742 Phy interface Condition cause : null
2024-09-17 16:12:35,663 [WARN] ConditionMgr:1039 - genDependencies : Invalid condition id : LAN8742 Phy interface Condition cause : null
2024-09-17 16:12:35,681 [WARN] PackLoader:240 - Cannot read IP mode file for STMicroelectronics.X-CUBE-SFXS2LP1.4.0.0
2024-09-17 16:12:35,693 [WARN] PackLoader:240 - Cannot read IP mode file for STMicroelectronics.X-CUBE-ISPU.1.1.0
2024-09-17 16:12:35,723 [WARN] PackLoader:240 - Cannot read IP mode file for STMicroelectronics.X-CUBE-AZRTOS-H7.3.3.0
2024-09-17 16:12:35,739 [WARN] ConditionMgr:438 - getConditionDescription Invalid condition id : UX DEVICE CLASS RTOS Condition cause : null
2024-09-17 16:12:35,739 [WARN] ConditionMgr:438 - getConditionDescription Invalid condition id : UX DEVICE CLASS RTOS Condition cause : null
2024-09-17 16:12:35,742 [WARN] PackLoader:240 - Cannot read IP mode file for STMicroelectronics.X-CUBE-AZRTOS-WB.2.0.0
2024-09-17 16:12:35,743 [WARN] ConditionMgr:1039 - genDependencies : Invalid condition id : UX DEVICE CLASS RTOS Condition cause : null
2024-09-17 16:12:35,743 [WARN] ConditionMgr:1039 - genDependencies : Invalid condition id : UX DEVICE CLASS RTOS Condition cause : null
2024-09-17 16:12:35,744 [WARN] ConditionMgr:1039 - genDependencies : Invalid condition id : UX DEVICE CLASS RTOS Condition cause : null
2024-09-17 16:12:35,744 [WARN] ConditionMgr:1039 - genDependencies : Invalid condition id : UX DEVICE CLASS RTOS Condition cause : null
2024-09-17 16:12:35,745 [WARN] ConditionMgr:1039 - genDependencies : Invalid condition id : UX DEVICE CLASS RTOS Condition cause : null
2024-09-17 16:12:35,751 [WARN] PackLoader:240 - Cannot read IP mode file for STMicroelectronics.X-CUBE-GNSS1.7.0.0
2024-09-17 16:12:35,761 [WARN] PackLoader:240 - Cannot read IP mode file for STMicroelectronics.FP-SNS-STBOX1.2.0.0
2024-09-17 16:12:35,783 [WARN] PackLoader:240 - Cannot read IP mode file for STMicroelectronics.X-CUBE-SUBG2.5.0.0
2024-09-17 16:12:35,794 [WARN] PackLoader:240 - Cannot read IP mode file for Cesanta.I-CUBE-Mongoose.7.13.0
2024-09-17 16:12:35,806 [WARN] PackLoader:240 - Cannot read IP mode file for STMicroelectronics.X-CUBE-TOF1.3.3.1
2024-09-17 16:12:35,853 [WARN] PackLoader:240 - Cannot read IP mode file for STMicroelectronics.X-CUBE-AZRTOS-G4.2.0.0
2024-09-17 16:12:35,872 [WARN] PackLoader:240 - Cannot read IP mode file for Infineon.AIROC-Wi-Fi-Bluetooth-STM32.1.5.1
2024-09-17 16:12:35,879 [WARN] PackLoader:240 - Cannot read IP mode file for STMicroelectronics.FP-SNS-MOTENVWB1.1.3.1
2024-09-17 16:12:35,884 [WARN] PackLoader:240 - Cannot read IP mode file for STMicroelectronics.X-CUBE-ISPU.2.0.0
2024-09-17 16:12:35,887 [WARN] PackLoader:240 - Cannot read IP mode file for STMicroelectronics.X-CUBE-ALS.1.0.2
2024-09-17 16:12:35,933 [WARN] PackLoader:240 - Cannot read IP mode file for STMicroelectronics.X-CUBE-MEMS1.10.0.0
2024-09-17 16:12:36,024 [WARN] PackLoader:240 - Cannot read IP mode file for STMicroelectronics.X-CUBE-FREERTOS.1.1.0
2024-09-17 16:12:36,028 [WARN] PackLoader:240 - Cannot read IP mode file for STMicroelectronics.X-CUBE-TOUCHGFX.4.24.0
2024-09-17 16:12:36,046 [WARN] PackLoader:240 - Cannot read IP mode file for portGmbH.I-Cube-SoM-uGOAL.1.1.0
2024-09-17 16:12:36,053 [WARN] PackLoader:240 - Cannot read IP mode file for STMicroelectronics.X-CUBE-ALS.1.0.1
2024-09-17 16:12:36,077 [WARN] PackLoader:240 - Cannot read IP mode file for STMicroelectronics.X-CUBE-AZRTOS-H7RS.1.0.0
2024-09-17 16:12:36,094 [WARN] PackLoader:240 - Cannot read IP mode file for STMicroelectronics.FP-ATR-ASTRA1.2.0.0
2024-09-17 16:12:36,119 [WARN] PackLoader:240 - Cannot read IP mode file for STMicroelectronics.X-CUBE-TOF1.3.4.2
2024-09-17 16:12:36,156 [WARN] PackLoader:240 - Cannot read IP mode file for STMicroelectronics.X-CUBE-TOF1.3.4.0
2024-09-17 16:12:36,181 [WARN] PackLoader:240 - Cannot read IP mode file for STMicroelectronics.X-CUBE-TOF1.3.4.1
2024-09-17 16:12:36,218 [WARN] PackLoader:240 - Cannot read IP mode file for STMicroelectronics.X-CUBE-AZRTOS-H7.3.2.0
2024-09-17 16:12:36,331 [WARN] PackLoader:240 - Cannot read IP mode file for wolfSSL.I-CUBE-wolfSSH.1.4.17
2024-09-17 16:12:36,336 [INFO] ThirdParty:978 - Integrity check success = true
2024-09-17 16:12:36,337 [INFO] IntegrityCheckThread:100 - exiting critical section [integrity check]
2024-09-17 16:12:36,337 [INFO] IntegrityCheckThread:103 - End integrity checks thread
2024-09-17 16:12:43,024 [ERROR] LogOutputStream:75 - [STDERR_REDIRECT] 
